0 info it worked if it ends with ok
1 verbose cli [ '/home/arya/Installs/node-v6.10.3-linux-x64/bin/node',
1 verbose cli   '/home/arya/Installs/node-v6.10.3-linux-x64/bin/npm',
1 verbose cli   'start' ]
2 info using npm@3.10.10
3 info using node@v6.10.3
4 verbose run-script [ 'prestart', 'start', 'poststart' ]
5 info lifecycle myweb@0.0.0~prestart: myweb@0.0.0
6 silly lifecycle myweb@0.0.0~prestart: no script for prestart, continuing
7 info lifecycle myweb@0.0.0~start: myweb@0.0.0
8 verbose lifecycle myweb@0.0.0~start: unsafe-perm in lifecycle true
9 verbose lifecycle myweb@0.0.0~start: PATH: /home/arya/Installs/node-v6.10.3-linux-x64/lib/node_modules/npm/bin/node-gyp-bin:/home/arya/AllTestWeb/myweb/node_modules/.bin:/home/arya/Installs/node-v6.10.3-linux-x64/bin:/home/arya/Installs/mongodb-linux-x86_64-ubuntu1604-3.4.4/bin:/home/arya/Installs/sublime_text_3:/home/arya/Installs/franz:/home/arya/Installs/sitewhere-server-1.10.0/bin:/home/arya/Installs/mosquitto-1.4.11/build2/src:/home/arya/workspaces/workspace_shell:/home/arya/Installs/VNC-6.0.2-Linux-x64:/home/arya/Installs/STM32CubeMX:/home/arya/Installs/pycharm-community-2017.1.2/bin:/home/arya/Installs/arduino-1.8.2:/home/arya/Installs/android-studio/bin:/home/arya/Installs/eclipseScala:/home/arya/Installs/Ac6/SystemWorkbench:/usr/local/sbin:/usr/local/bin:/usr/sbin:/usr/bin:/sbin:/bin:/usr/games:/usr/local/games:/snap/bin
10 verbose lifecycle myweb@0.0.0~start: CWD: /home/arya/AllTestWeb/myweb
11 silly lifecycle myweb@0.0.0~start: Args: [ '-c', 'node ./bin/www' ]
12 silly lifecycle myweb@0.0.0~start: Returned: code: 1  signal: null
13 info lifecycle myweb@0.0.0~start: Failed to exec start script
14 verbose stack Error: myweb@0.0.0 start: `node ./bin/www`
14 verbose stack Exit status 1
14 verbose stack     at EventEmitter.<anonymous> (/home/arya/Installs/node-v6.10.3-linux-x64/lib/node_modules/npm/lib/utils/lifecycle.js:255:16)
14 verbose stack     at emitTwo (events.js:106:13)
14 verbose stack     at EventEmitter.emit (events.js:191:7)
14 verbose stack     at ChildProcess.<anonymous> (/home/arya/Installs/node-v6.10.3-linux-x64/lib/node_modules/npm/lib/utils/spawn.js:40:14)
14 verbose stack     at emitTwo (events.js:106:13)
14 verbose stack     at ChildProcess.emit (events.js:191:7)
14 verbose stack     at maybeClose (internal/child_process.js:886:16)
14 verbose stack     at Process.ChildProcess._handle.onexit (internal/child_process.js:226:5)
15 verbose pkgid myweb@0.0.0
16 verbose cwd /home/arya/AllTestWeb/myweb
17 error Linux 4.4.0-79-generic
18 error argv "/home/arya/Installs/node-v6.10.3-linux-x64/bin/node" "/home/arya/Installs/node-v6.10.3-linux-x64/bin/npm" "start"
19 error node v6.10.3
20 error npm  v3.10.10
21 error code ELIFECYCLE
22 error myweb@0.0.0 start: `node ./bin/www`
22 error Exit status 1
23 error Failed at the myweb@0.0.0 start script 'node ./bin/www'.
23 error Make sure you have the latest version of node.js and npm installed.
23 error If you do, this is most likely a problem with the myweb package,
23 error not with npm itself.
23 error Tell the author that this fails on your system:
23 error     node ./bin/www
23 error You can get information on how to open an issue for this project with:
23 error     npm bugs myweb
23 error Or if that isn't available, you can get their info via:
23 error     npm owner ls myweb
23 error There is likely additional logging output above.
24 verbose exit [ 1, true ]
